[2024-05-21 19:40:31] [ ERROR] [OdontologoTest:29] IO Exception: "java.nio.file.NoSuchFileException: create.sql"; "create.sql"
IO Exception: "java.nio.file.NoSuchFileException: create.sql"; "create.sql"; SQL statement:
RUNSCRIPT FROM 'create.sql' [90031-224]
[2024-05-21 19:41:27] [ INFO ] [OdontologoIDao:44] Odontologo Registrado: Odontologo(id=2, nombre='Pepito', apellido='Limaña', matricula='123455')
[2024-05-21 19:52:00] [ INFO ] [OdontologoIDao:46] Odontologo Registrado: Odontologo(id=2, nombre='Pepito', apellido='Limaña', matricula='123455')
[2024-05-21 19:52:00] [ INFO ] [OdontologoIDao:94] Listado de Odontologos:[Odontologo(id=1, nombre='LUIS', apellido='MARTINEZ', matricula='12345')]
[2024-05-21 19:52:00] [ INFO ] [OdontologoIDao:94] Listado de Odontologos:[Odontologo(id=1, nombre='LUIS', apellido='MARTINEZ', matricula='12345'), Odontologo(id=2, nombre='Pepito', apellido='Limaña', matricula='123455')]
[2024-05-21 19:52:44] [ INFO ] [OdontologoIDao:46] Odontologo Registrado: Odontologo(id=2, nombre='Pepito', apellido='Limaña', matricula='123455')
[2024-05-21 19:52:44] [ INFO ] [OdontologoIDao:94] Listado de Odontologos:[Odontologo(id=1, nombre='LUIS', apellido='MARTINEZ', matricula='12345')]
[2024-05-21 19:52:44] [ INFO ] [OdontologoIDao:94] Listado de Odontologos:[Odontologo(id=1, nombre='LUIS', apellido='MARTINEZ', matricula='12345'), Odontologo(id=2, nombre='Pepito', apellido='Limaña', matricula='123455')]
[2024-05-21 19:53:27] [ INFO ] [OdontologoIDao:46] Odontologo Registrado: Odontologo(id=2, nombre='Pepito', apellido='Limaña', matricula='123455')
[2024-05-21 19:53:27] [ INFO ] [OdontologoIDao:95] Listado de Odontologos:[Odontologo(id=1, nombre='LUIS', apellido='MARTINEZ', matricula='12345'), Odontologo(id=2, nombre='Pepito', apellido='Limaña', matricula='123455')]
[2024-05-21 19:53:43] [ INFO ] [OdontologoIDao:46] Odontologo Registrado: Odontologo(id=2, nombre='Pepito', apellido='Limaña', matricula='123455')
[2024-05-21 19:53:43] [ INFO ] [OdontologoIDao:95] Listado de Odontologos:[Odontologo(id=1, nombre='LUIS', apellido='MARTINEZ', matricula='12345'), Odontologo(id=2, nombre='Pepito', apellido='Limaña', matricula='123455')]
[2024-05-21 20:02:40] [ INFO ] [OdontologoIDao:46] Odontologo Registrado: Odontologo(id=3, nombre='Pepito', apellido='Limaña', matricula='123455')
[2024-05-21 20:03:59] [ INFO ] [OdontologoIDao:46] Odontologo Registrado: Odontologo(id=4, nombre='Pepito', apellido='Limaña', matricula='123455')
[2024-05-21 20:03:59] [ INFO ] [OdontologoIDao:95] Listado de Odontologos:[Odontologo(id=1, nombre='LUIS', apellido='MARTINEZ', matricula='12345'), Odontologo(id=2, nombre='Pepito', apellido='Limaña', matricula='123455'), Odontologo(id=3, nombre='Pepito', apellido='Limaña', matricula='123455'), Odontologo(id=4, nombre='Pepito', apellido='Limaña', matricula='123455')]
[2024-05-21 20:04:11] [ INFO ] [OdontologoIDao:46] Odontologo Registrado: Odontologo(id=5, nombre='Pepito', apellido='Limaña', matricula='123455')
[2024-05-21 20:04:11] [ INFO ] [OdontologoIDao:95] Listado de Odontologos:[Odontologo(id=1, nombre='LUIS', apellido='MARTINEZ', matricula='12345'), Odontologo(id=2, nombre='Pepito', apellido='Limaña', matricula='123455'), Odontologo(id=3, nombre='Pepito', apellido='Limaña', matricula='123455'), Odontologo(id=4, nombre='Pepito', apellido='Limaña', matricula='123455'), Odontologo(id=5, nombre='Pepito', apellido='Limaña', matricula='123455')]
[2024-05-21 20:04:41] [ INFO ] [OdontologoIDao:95] Listado de Odontologos:[Odontologo(id=1, nombre='LUIS', apellido='MARTINEZ', matricula='12345'), Odontologo(id=2, nombre='Pepito', apellido='Limaña', matricula='123455'), Odontologo(id=3, nombre='Pepito', apellido='Limaña', matricula='123455'), Odontologo(id=4, nombre='Pepito', apellido='Limaña', matricula='123455'), Odontologo(id=5, nombre='Pepito', apellido='Limaña', matricula='123455')]
[2024-05-21 20:07:15] [ INFO ] [OdontologoIDao:95] Listado de Odontologos:[Odontologo(id=1, nombre='LUIS', apellido='MARTINEZ', matricula='12345'), Odontologo(id=2, nombre='Pepito', apellido='Limaña', matricula='123455'), Odontologo(id=3, nombre='Pepito', apellido='Limaña', matricula='123455'), Odontologo(id=4, nombre='Pepito', apellido='Limaña', matricula='123455'), Odontologo(id=5, nombre='Pepito', apellido='Limaña', matricula='123455')]
[2024-05-21 20:09:49] [ INFO ] [OdontologoEnMemoria:31] Listado de Pacientes:[]
[2024-05-21 20:10:03] [ INFO ] [OdontologoEnMemoria:23] Odontologo Registrado: Odontologo(id=1, nombre='Pepito', apellido='Limaña', matricula='123455')
[2024-05-21 20:10:24] [ INFO ] [OdontologoEnMemoria:23] Odontologo Registrado: Odontologo(id=1, nombre='Pepito', apellido='Limaña', matricula='123455')
[2024-05-21 20:10:24] [ INFO ] [OdontologoEnMemoria:31] Listado de Pacientes:[Odontologo(id=1, nombre='Pepito', apellido='Limaña', matricula='123455')]
[2024-05-21 20:10:34] [ INFO ] [OdontologoEnMemoria:23] Odontologo Registrado: Odontologo(id=1, nombre='Pepito', apellido='Limaña', matricula='123455')
[2024-05-21 20:10:34] [ INFO ] [OdontologoEnMemoria:31] Listado de Pacientes:[Odontologo(id=1, nombre='Pepito', apellido='Limaña', matricula='123455')]
[2024-08-13 18:35:02] [ INFO ] [OdontologoIDao:46] Odontologo Registrado: Odontologo(id=2, nombre='Pepito', apellido='Limaña', matricula='123455')
[2024-08-13 18:35:02] [ INFO ] [OdontologoIDao:46] Odontologo Registrado: Odontologo(id=3, nombre='Pepito', apellido='Limaña', matricula='123455')
[2024-08-13 18:35:02] [ INFO ] [OdontologoIDao:95] Listado de Odontologos:[Odontologo(id=1, nombre='LUIS', apellido='MARTINEZ', matricula='12345'), Odontologo(id=2, nombre='Pepito', apellido='Limaña', matricula='123455'), Odontologo(id=3, nombre='Pepito', apellido='Limaña', matricula='123455')]
[2024-08-13 18:36:08] [ INFO ] [OdontologoIDao:46] Odontologo Registrado: Odontologo(id=2, nombre='Pepito', apellido='Limaña', matricula='123455')
[2024-08-13 18:36:08] [ INFO ] [OdontologoIDao:46] Odontologo Registrado: Odontologo(id=3, nombre='Pepito', apellido='Limaña', matricula='123455')
[2024-08-13 18:36:08] [ INFO ] [OdontologoIDao:95] Listado de Odontologos:[Odontologo(id=1, nombre='LUIS', apellido='MARTINEZ', matricula='12345'), Odontologo(id=2, nombre='Pepito', apellido='Limaña', matricula='123455'), Odontologo(id=3, nombre='Pepito', apellido='Limaña', matricula='123455')]
[2024-08-13 18:44:24] [ INFO ] [OdontologoIDao:46] Odontologo Registrado: Odontologo(id=2, nombre='Pepito', apellido='Limaña', matricula='123455')
[2024-08-13 18:44:24] [ INFO ] [OdontologoIDao:46] Odontologo Registrado: Odontologo(id=3, nombre='Pepito', apellido='Limaña', matricula='123455')
[2024-08-13 18:44:24] [ INFO ] [OdontologoIDao:95] Listado de Odontologos:[Odontologo(id=1, nombre='LUIS', apellido='MARTINEZ', matricula='12345'), Odontologo(id=2, nombre='Pepito', apellido='Limaña', matricula='123455'), Odontologo(id=3, nombre='Pepito', apellido='Limaña', matricula='123455')]
[2024-08-13 18:44:38] [ INFO ] [OdontologoEnMemoria:23] Odontologo Registrado: Odontologo(id=1, nombre='Pepito', apellido='Limaña', matricula='123455')
[2024-08-13 18:44:38] [ INFO ] [OdontologoEnMemoria:23] Odontologo Registrado: Odontologo(id=2, nombre='Pepito', apellido='Limaña', matricula='123455')
[2024-08-13 18:44:38] [ INFO ] [OdontologoEnMemoria:31] Listado de Pacientes:[Odontologo(id=1, nombre='Pepito', apellido='Limaña', matricula='123455'), Odontologo(id=2, nombre='Pepito', apellido='Limaña', matricula='123455')]
[2024-08-13 19:00:09] [ INFO ] [OdontologoEnMemoria:23] Odontologo Registrado: Odontologo(id=1, nombre='Pepito', apellido='Limaña', matricula='123455')
[2024-08-13 19:00:09] [ INFO ] [OdontologoEnMemoria:23] Odontologo Registrado: Odontologo(id=2, nombre='Pepito', apellido='Limaña', matricula='123455')
[2024-08-13 19:00:09] [ INFO ] [OdontologoEnMemoria:31] Listado de Pacientes:[Odontologo(id=1, nombre='Pepito', apellido='Limaña', matricula='123455'), Odontologo(id=2, nombre='Pepito', apellido='Limaña', matricula='123455')]
[2024-08-13 19:00:20] [ INFO ] [OdontologoEnMemoria:23] Odontologo Registrado: Odontologo(id=1, nombre='Pepito', apellido='Limaña', matricula='123455')
[2024-08-13 19:00:32] [ INFO ] [OdontologoEnMemoria:23] Odontologo Registrado: Odontologo(id=1, nombre='Pepito', apellido='Limaña', matricula='123455')
[2024-08-13 19:00:32] [ INFO ] [OdontologoEnMemoria:31] Listado de Pacientes:[Odontologo(id=1, nombre='Pepito', apellido='Limaña', matricula='123455')]
[2024-08-13 19:00:42] [ ERROR] [OdontologoTest:30] La base de datos puede que ya esté siendo utilizada: "C:/Users/ezequ/db_examen_parcial.mv.db". Soluciones Posibles: cierre todas las otras conexiones; use el modo server
Database may be already in use: "C:/Users/ezequ/db_examen_parcial.mv.db". Possible solutions: close all other connection(s); use the server mode [90020-230]
[2024-08-13 19:00:59] [ ERROR] [OdontologoTest:30] La base de datos puede que ya esté siendo utilizada: "C:/Users/ezequ/db_examen_parcial.mv.db". Soluciones Posibles: cierre todas las otras conexiones; use el modo server
Database may be already in use: "C:/Users/ezequ/db_examen_parcial.mv.db". Possible solutions: close all other connection(s); use the server mode [90020-230]
[2024-08-13 19:11:09] [ INFO ] [OdontologoEnMemoria:23] Odontologo Registrado: Odontologo(id=1, nombre='Pepito', apellido='Limaña', matricula='123455')
[2024-08-13 19:11:09] [ INFO ] [OdontologoEnMemoria:23] Odontologo Registrado: Odontologo(id=2, nombre='Pepito', apellido='Limaña', matricula='123455')
[2024-08-13 19:11:09] [ INFO ] [OdontologoEnMemoria:31] Listado de Pacientes:[Odontologo(id=1, nombre='Pepito', apellido='Limaña', matricula='123455'), Odontologo(id=2, nombre='Pepito', apellido='Limaña', matricula='123455')]
[2024-08-13 19:11:17] [ ERROR] [OdontologoTest:30] La base de datos puede que ya esté siendo utilizada: "C:/Users/ezequ/db_examen_parcial.mv.db". Soluciones Posibles: cierre todas las otras conexiones; use el modo server
Database may be already in use: "C:/Users/ezequ/db_examen_parcial.mv.db". Possible solutions: close all other connection(s); use the server mode [90020-230]
[2024-08-13 19:12:15] [ INFO ] [OdontologoIDao:46] Odontologo Registrado: Odontologo(id=2, nombre='Pepito', apellido='Limaña', matricula='123455')
[2024-08-13 19:12:15] [ INFO ] [OdontologoIDao:46] Odontologo Registrado: Odontologo(id=3, nombre='Pepito', apellido='Limaña', matricula='123455')
[2024-08-13 19:12:15] [ INFO ] [OdontologoIDao:95] Listado de Odontologos:[Odontologo(id=1, nombre='LUIS', apellido='MARTINEZ', matricula='12345'), Odontologo(id=2, nombre='Pepito', apellido='Limaña', matricula='123455'), Odontologo(id=3, nombre='Pepito', apellido='Limaña', matricula='123455')]
[2024-08-13 19:12:28] [ ERROR] [OdontologoTest:30] La base de datos puede que ya esté siendo utilizada: "C:/Users/ezequ/db_examen_parcial.mv.db". Soluciones Posibles: cierre todas las otras conexiones; use el modo server
Database may be already in use: "C:/Users/ezequ/db_examen_parcial.mv.db". Possible solutions: close all other connection(s); use the server mode [90020-230]
[2024-08-13 19:19:13] [ INFO ] [OdontologoEnMemoria:23] Odontologo Registrado: Odontologo(id=1, nombre='Pepito', apellido='Limaña', matricula='123455')
[2024-08-13 19:19:13] [ INFO ] [OdontologoEnMemoria:23] Odontologo Registrado: Odontologo(id=2, nombre='Pepito', apellido='Limaña', matricula='123455')
[2024-08-13 19:19:13] [ INFO ] [OdontologoEnMemoria:31] Listado de Pacientes:[Odontologo(id=1, nombre='Pepito', apellido='Limaña', matricula='123455'), Odontologo(id=2, nombre='Pepito', apellido='Limaña', matricula='123455')]
[2024-08-13 19:19:19] [ INFO ] [OdontologoEnMemoria:23] Odontologo Registrado: Odontologo(id=1, nombre='Pepito', apellido='Limaña', matricula='123455')
[2024-08-13 19:19:19] [ INFO ] [OdontologoEnMemoria:23] Odontologo Registrado: Odontologo(id=2, nombre='Pepito', apellido='Limaña', matricula='123455')
[2024-08-13 19:19:19] [ INFO ] [OdontologoEnMemoria:31] Listado de Pacientes:[Odontologo(id=1, nombre='Pepito', apellido='Limaña', matricula='123455'), Odontologo(id=2, nombre='Pepito', apellido='Limaña', matricula='123455')]
[2024-08-13 19:29:47] [ ERROR] [OdontologoTest:30] La base de datos puede que ya esté siendo utilizada: "C:/Users/ezequ/db_examen_parcial.mv.db". Soluciones Posibles: cierre todas las otras conexiones; use el modo server
Database may be already in use: "C:/Users/ezequ/db_examen_parcial.mv.db". Possible solutions: close all other connection(s); use the server mode [90020-230]
[2024-08-13 19:32:32] [ INFO ] [OdontologoEnMemoria:23] Odontologo Registrado: Odontologo(id=1, nombre='Pepito', apellido='Limaña', matricula='123455')
[2024-08-13 19:32:32] [ INFO ] [OdontologoEnMemoria:23] Odontologo Registrado: Odontologo(id=2, nombre='Pepito', apellido='Limaña', matricula='123455')
[2024-08-13 19:32:32] [ INFO ] [OdontologoEnMemoria:31] Listado de Pacientes:[Odontologo(id=1, nombre='Pepito', apellido='Limaña', matricula='123455'), Odontologo(id=2, nombre='Pepito', apellido='Limaña', matricula='123455')]
[2024-08-13 19:33:24] [ INFO ] [OdontologoEnMemoria:23] Odontologo Registrado: Odontologo(id=1, nombre='Pepito', apellido='Limaña', matricula='123455')
[2024-08-13 19:33:43] [ INFO ] [OdontologoEnMemoria:23] Odontologo Registrado: Odontologo(id=1, nombre='Pepito', apellido='Limaña', matricula='123455')
[2024-08-13 19:33:43] [ INFO ] [OdontologoEnMemoria:31] Listado de Pacientes:[Odontologo(id=1, nombre='Pepito', apellido='Limaña', matricula='123455')]
[2024-08-13 19:34:37] [ INFO ] [OdontologoEnMemoria:23] Odontologo Registrado: Odontologo(id=1, nombre='Leonardo', apellido='Muzillo', matricula='123455')
[2024-08-13 19:34:47] [ INFO ] [OdontologoEnMemoria:23] Odontologo Registrado: Odontologo(id=1, nombre='Ezequiel', apellido='Auge', matricula='123455')
[2024-08-13 19:34:47] [ INFO ] [OdontologoEnMemoria:31] Listado de Pacientes:[Odontologo(id=1, nombre='Ezequiel', apellido='Auge', matricula='123455')]
[2024-08-13 19:35:00] [ INFO ] [OdontologoIDao:46] Odontologo Registrado: Odontologo(id=2, nombre='Pepito', apellido='Limaña', matricula='123455')
[2024-08-13 19:35:00] [ INFO ] [OdontologoIDao:46] Odontologo Registrado: Odontologo(id=3, nombre='Pepito', apellido='Limaña', matricula='123455')
[2024-08-13 19:35:00] [ INFO ] [OdontologoIDao:95] Listado de Odontologos:[Odontologo(id=1, nombre='LUIS', apellido='MARTINEZ', matricula='12345'), Odontologo(id=2, nombre='Pepito', apellido='Limaña', matricula='123455'), Odontologo(id=3, nombre='Pepito', apellido='Limaña', matricula='123455')]
[2024-08-13 19:36:26] [ INFO ] [OdontologoIDao:46] Odontologo Registrado: Odontologo(id=2, nombre='Ezequiel', apellido='Auge', matricula='123455')
[2024-08-13 19:36:36] [ INFO ] [OdontologoIDao:46] Odontologo Registrado: Odontologo(id=2, nombre='Pepito', apellido='Limaña', matricula='123455')
[2024-08-13 19:36:36] [ INFO ] [OdontologoIDao:95] Listado de Odontologos:[Odontologo(id=1, nombre='LUIS', apellido='MARTINEZ', matricula='12345'), Odontologo(id=2, nombre='Pepito', apellido='Limaña', matricula='123455')]
[2024-08-13 19:36:59] [ INFO ] [OdontologoIDao:46] Odontologo Registrado: Odontologo(id=2, nombre='Leonardo', apellido='Muzillo', matricula='123455')
[2024-08-13 19:36:59] [ INFO ] [OdontologoIDao:95] Listado de Odontologos:[Odontologo(id=1, nombre='LUIS', apellido='MARTINEZ', matricula='12345'), Odontologo(id=2, nombre='Leonardo', apellido='Muzillo', matricula='123455')]
[2024-08-13 19:39:01] [ INFO ] [OdontologoIDao:46] Odontologo Registrado: Odontologo(id=2, nombre='Ezequiel', apellido='Auge', matricula='123455')
[2024-08-13 19:39:13] [ INFO ] [OdontologoIDao:46] Odontologo Registrado: Odontologo(id=2, nombre='Leonardo', apellido='Muzillo', matricula='123455')
[2024-08-13 19:39:13] [ INFO ] [OdontologoIDao:95] Listado de Odontologos:[Odontologo(id=1, nombre='LUIS', apellido='MARTINEZ', matricula='12345'), Odontologo(id=2, nombre='Leonardo', apellido='Muzillo', matricula='123455')]
[2024-08-13 19:42:20] [ INFO ] [OdontologoEnMemoria:23] Odontologo Registrado: Odontologo(id=1, nombre='Leonardo', apellido='Muzillo', matricula='123455')
[2024-08-13 19:42:20] [ INFO ] [OdontologoEnMemoria:23] Odontologo Registrado: Odontologo(id=2, nombre='Ezequiel', apellido='Auge', matricula='123455')
[2024-08-13 19:42:20] [ INFO ] [OdontologoEnMemoria:31] Listado de Pacientes:[Odontologo(id=1, nombre='Leonardo', apellido='Muzillo', matricula='123455'), Odontologo(id=2, nombre='Ezequiel', apellido='Auge', matricula='123455')]
[2024-08-13 19:42:40] [ INFO ] [OdontologoEnMemoria:23] Odontologo Registrado: Odontologo(id=1, nombre='Leonardo', apellido='Muzillo', matricula='123455')
[2024-08-13 19:42:46] [ INFO ] [OdontologoEnMemoria:23] Odontologo Registrado: Odontologo(id=1, nombre='Ezequiel', apellido='Auge', matricula='123455')
[2024-08-13 19:42:46] [ INFO ] [OdontologoEnMemoria:31] Listado de Pacientes:[Odontologo(id=1, nombre='Ezequiel', apellido='Auge', matricula='123455')]
[2024-08-13 19:43:02] [ INFO ] [OdontologoIDao:46] Odontologo Registrado: Odontologo(id=2, nombre='Ezequiel', apellido='Auge', matricula='123455')
[2024-08-13 19:43:12] [ INFO ] [OdontologoIDao:46] Odontologo Registrado: Odontologo(id=2, nombre='Leonardo', apellido='Muzillo', matricula='123455')
[2024-08-13 19:43:12] [ INFO ] [OdontologoIDao:95] Listado de Odontologos:[Odontologo(id=1, nombre='EZEQUIEL', apellido='AUGE', matricula='12345'), Odontologo(id=2, nombre='Leonardo', apellido='Muzillo', matricula='123455')]
[2024-08-13 19:48:25] [ INFO ] [OdontologoEnMemoria:23] Odontologo Registrado: Odontologo(id=1, nombre='Leonardo', apellido='Muzillo', matricula='123455')
[2024-08-13 19:48:25] [ INFO ] [OdontologoEnMemoria:23] Odontologo Registrado: Odontologo(id=2, nombre='Ezequiel', apellido='Auge', matricula='123455')
[2024-08-13 19:48:25] [ INFO ] [OdontologoEnMemoria:31] Listado de Pacientes:[Odontologo(id=1, nombre='Leonardo', apellido='Muzillo', matricula='123455'), Odontologo(id=2, nombre='Ezequiel', apellido='Auge', matricula='123455')]
[2024-08-13 19:49:32] [ INFO ] [OdontologoEnMemoria:23] Odontologo Registrado: Odontologo(id=1, nombre='Leonardo', apellido='Muzillo', matricula='123455')
[2024-08-13 19:49:32] [ INFO ] [OdontologoEnMemoria:23] Odontologo Registrado: Odontologo(id=2, nombre='Ezequiel', apellido='Auge', matricula='123455')
[2024-08-13 19:49:32] [ INFO ] [OdontologoEnMemoria:31] Listado de Pacientes:[Odontologo(id=1, nombre='Leonardo', apellido='Muzillo', matricula='123455'), Odontologo(id=2, nombre='Ezequiel', apellido='Auge', matricula='123455')]
[2024-08-13 19:49:37] [ INFO ] [OdontologoEnMemoria:23] Odontologo Registrado: Odontologo(id=1, nombre='Leonardo', apellido='Muzillo', matricula='123455')
[2024-08-13 19:49:43] [ INFO ] [OdontologoEnMemoria:23] Odontologo Registrado: Odontologo(id=1, nombre='Ezequiel', apellido='Auge', matricula='123455')
[2024-08-13 19:49:43] [ INFO ] [OdontologoEnMemoria:31] Listado de Pacientes:[Odontologo(id=1, nombre='Ezequiel', apellido='Auge', matricula='123455')]
[2024-08-13 19:49:54] [ INFO ] [OdontologoIDao:46] Odontologo Registrado: Odontologo(id=2, nombre='Ezequiel', apellido='Auge', matricula='123455')
[2024-08-13 19:49:54] [ INFO ] [OdontologoIDao:46] Odontologo Registrado: Odontologo(id=3, nombre='Leonardo', apellido='Muzillo', matricula='123455')
[2024-08-13 19:49:54] [ INFO ] [OdontologoIDao:95] Listado de Odontologos:[Odontologo(id=1, nombre='EZEQUIEL', apellido='AUGE', matricula='12345'), Odontologo(id=2, nombre='Ezequiel', apellido='Auge', matricula='123455'), Odontologo(id=3, nombre='Leonardo', apellido='Muzillo', matricula='123455')]
[2024-08-13 19:52:14] [ ERROR] [OdontologoTest:30] La base de datos puede que ya esté siendo utilizada: "C:/Users/ezequ/db_examen_parcial.mv.db". Soluciones Posibles: cierre todas las otras conexiones; use el modo server
Database may be already in use: "C:/Users/ezequ/db_examen_parcial.mv.db". Possible solutions: close all other connection(s); use the server mode [90020-230]
[2024-08-13 19:52:36] [ ERROR] [OdontologoTest:30] La base de datos puede que ya esté siendo utilizada: "C:/Users/ezequ/db_examen_parcial.mv.db". Soluciones Posibles: cierre todas las otras conexiones; use el modo server
Database may be already in use: "C:/Users/ezequ/db_examen_parcial.mv.db". Possible solutions: close all other connection(s); use the server mode [90020-230]
[2024-08-13 19:53:35] [ ERROR] [OdontologoTest:30] La base de datos puede que ya esté siendo utilizada: "C:/Users/ezequ/db_examen_parcial.mv.db". Soluciones Posibles: cierre todas las otras conexiones; use el modo server
Database may be already in use: "C:/Users/ezequ/db_examen_parcial.mv.db". Possible solutions: close all other connection(s); use the server mode [90020-230]
[2024-08-13 19:57:02] [ ERROR] [OdontologoTest:30] La base de datos puede que ya esté siendo utilizada: "C:/Users/ezequ/db_examen_parcial.mv.db". Soluciones Posibles: cierre todas las otras conexiones; use el modo server
Database may be already in use: "C:/Users/ezequ/db_examen_parcial.mv.db". Possible solutions: close all other connection(s); use the server mode [90020-230]
[2024-08-13 19:57:12] [ ERROR] [OdontologoTest:30] La base de datos puede que ya esté siendo utilizada: "C:/Users/ezequ/db_examen_parcial.mv.db". Soluciones Posibles: cierre todas las otras conexiones; use el modo server
Database may be already in use: "C:/Users/ezequ/db_examen_parcial.mv.db". Possible solutions: close all other connection(s); use the server mode [90020-230]
[2024-08-13 19:57:30] [ ERROR] [OdontologoTest:30] La base de datos puede que ya esté siendo utilizada: "C:/Users/ezequ/db_examen_parcial.mv.db". Soluciones Posibles: cierre todas las otras conexiones; use el modo server
Database may be already in use: "C:/Users/ezequ/db_examen_parcial.mv.db". Possible solutions: close all other connection(s); use the server mode [90020-230]
[2024-08-13 19:58:20] [ INFO ] [OdontologoIDao:46] Odontologo Registrado: Odontologo(id=2, nombre='Ezequiel', apellido='Auge', matricula='123455')
[2024-08-13 19:58:20] [ INFO ] [OdontologoIDao:46] Odontologo Registrado: Odontologo(id=3, nombre='Leonardo', apellido='Muzillo', matricula='123455')
[2024-08-13 19:58:20] [ INFO ] [OdontologoIDao:95] Listado de Odontologos:[Odontologo(id=1, nombre='EZEQUIEL', apellido='AUGE', matricula='12345'), Odontologo(id=2, nombre='Ezequiel', apellido='Auge', matricula='123455'), Odontologo(id=3, nombre='Leonardo', apellido='Muzillo', matricula='123455')]
